Job started: Wed Feb 18 02:31:48 PM EST 2026
Node: d0110
CPUs: 16
[14:32:17] ============================================================
[14:32:17] ZTBus Training Pipeline
[14:32:17] ============================================================
[14:32:17] Loading metadata...
[14:32:17]   Total missions: 1409
[14:32:17] Loading ALL mission CSVs...
[14:36:52]   Loaded 48,614,272 rows in 274.8s
[14:36:52] Forward-filling ITCS columns per mission...
[14:37:49]   After forward-fill: 47,568,436 rows (57.5s)
[14:37:49] Mission-level train/test split (80/20)...
[14:38:32]   Train: 38,370,941 rows (1127 missions)
[14:38:32]   Test:  9,197,495 rows (282 missions)
[14:38:32] Computing tercile boundaries on training data...
[14:38:33]   q1=9.00, q2=20.00
[14:38:43] Train class distribution:
[14:38:45]   low: 13,235,446 (34.5%)
[14:38:47]   medium: 13,240,732 (34.5%)
[14:38:49]   high: 11,894,763 (31.0%)
[14:38:49] Feature engineering...
[14:44:22]   Feature columns: 56
[14:44:22]   Done in 332.9s
[14:44:54]   X_train: (37100313, 53), X_test: (9063491, 53)
[14:44:54]   Features: ['acceleration', 'dayofweek', 'electric_powerDemand', 'gnss_altitude', 'hour', 'is_rush_hour', 'is_weekend', 'lat_deg', 'lon_deg', 'month', 'power_roll_mean_300', 'power_roll_mean_60', 'power_roll_std_300', 'power_roll_std_60', 'route_32', 'route_33', 'route_46', 'route_72', 'route_83', 'route_N1', 'route_N2', 'route_N4', 'speed_kmh', 'speed_roll_mean_300', 'speed_roll_mean_60', 'speed_roll_std_300', 'speed_roll_std_60', 'status_doorIsOpen', 'status_gridIsAvailable', 'status_haltBrakeIsActive', 'status_parkBrakeIsActive', 'stop_Zürich, Albisriederplatz', 'stop_Zürich, Altes Krematorium', 'stop_Zürich, Bahnhof Hardbrücke', 'stop_Zürich, Baslerstrasse', 'stop_Zürich, Bucheggplatz', 'stop_Zürich, Escher-Wyss-Platz', 'stop_Zürich, Flurstrasse', 'stop_Zürich, Geeringstrasse', 'stop_Zürich, Hardplatz', 'stop_Zürich, Hubertus', 'stop_Zürich, In der Ey', 'stop_Zürich, Kappeli', 'stop_Zürich, Letzibach', 'stop_Zürich, Letzipark West', 'stop_Zürich, Milchbuck', 'stop_Zürich, Rosengartenstrasse', 'stop_Zürich, Schiffbau', 'stop_Zürich, Wildbachstrasse', 'stop___other__', 'traction_brakePressure', 'traction_tractionForce', 'year']
[14:44:54] 
--- Training: decision_tree ---
[15:26:14]   Trained in 2480.2s
[15:31:33]   [checkpoint saved: 1/2 models]
[15:31:33]   Macro F1:          0.5717
[15:31:33]   Balanced Accuracy: 0.5712
[15:31:33]   Predict time:      2.80s
[15:31:33]     low: P=0.650 R=0.623 F1=0.636
[15:31:33]     medium: P=0.454 R=0.465 F1=0.459
[15:31:33]     high: P=0.614 R=0.626 F1=0.620
[15:31:33] 
--- Training: random_forest ---
Job finished: Wed Feb 18 05:07:21 PM EST 2026
